0 info it worked if it ends with ok
1 verbose cli [ 'C:\\Program Files\\nodejs\\\\node.exe',
1 verbose cli   'C:\\Program Files\\nodejs\\node_modules\\npm\\bin\\npm-cli.js',
1 verbose cli   'install',
1 verbose cli   '-g',
1 verbose cli   'cordova-res' ]
2 info using npm@1.4.23
3 info using node@v0.10.31
4 verbose node symlink C:\Program Files\nodejs\\node.exe
5 verbose cache add [ 'cordova-res', null ]
6 verbose cache add name=undefined spec="cordova-res" args=["cordova-res",null]
7 verbose parsed url { protocol: null,
7 verbose parsed url   slashes: null,
7 verbose parsed url   auth: null,
7 verbose parsed url   host: null,
7 verbose parsed url   port: null,
7 verbose parsed url   hostname: null,
7 verbose parsed url   hash: null,
7 verbose parsed url   search: null,
7 verbose parsed url   query: null,
7 verbose parsed url   pathname: 'cordova-res',
7 verbose parsed url   path: 'cordova-res',
7 verbose parsed url   href: 'cordova-res' }
8 silly lockFile 46150739-cordova-res cordova-res
9 verbose lock cordova-res C:\Users\yichun\AppData\Roaming\npm-cache\46150739-cordova-res.lock
10 silly lockFile 46150739-cordova-res cordova-res
11 silly lockFile 46150739-cordova-res cordova-res
12 verbose addNamed [ 'cordova-res', '' ]
13 verbose addNamed [ null, '*' ]
14 silly lockFile 5f4e3b8c-cordova-res cordova-res@
15 verbose lock cordova-res@ C:\Users\yichun\AppData\Roaming\npm-cache\5f4e3b8c-cordova-res.lock
16 silly addNameRange { name: 'cordova-res', range: '*', hasData: false }
17 verbose request where is /cordova-res
18 verbose request registry https://registry.npmjs.org/
19 verbose request id 4d9897c9a47fcad4
20 verbose url raw /cordova-res
21 verbose url resolving [ 'https://registry.npmjs.org/', './cordova-res' ]
22 verbose url resolved https://registry.npmjs.org/cordova-res
23 verbose request where is https://registry.npmjs.org/cordova-res
24 info trying registry request attempt 1 at 10:34:16
25 http GET https://registry.npmjs.org/cordova-res
26 http 200 https://registry.npmjs.org/cordova-res
27 silly registry.get cb [ 200,
27 silly registry.get   { date: 'Mon, 14 Jun 2021 02:33:56 GMT',
27 silly registry.get     'content-type': 'application/json',
27 silly registry.get     'transfer-encoding': 'chunked',
27 silly registry.get     connection: 'keep-alive',
27 silly registry.get     'cf-ray': '65f028201cb0f091-TPE',
27 silly registry.get     age: '3599',
27 silly registry.get     'cache-control': 'public, max-age=300',
27 silly registry.get     etag: 'W/"97b0e31a7631d2023f80d65446b45c4b"',
27 silly registry.get     'last-modified': 'Sat, 30 Jan 2021 00:30:17 GMT',
27 silly registry.get     vary: 'accept-encoding, accept',
27 silly registry.get     'cf-cache-status': 'HIT',
27 silly registry.get     'cf-request-id': '0aa9f768110000f09167a50000000001',
27 silly registry.get     'expect-ct': 'max-age=604800, report-uri="https://report-uri.cloudflare.com/cdn-cgi/beacon/expect-ct"',
27 silly registry.get     server: 'cloudflare',
27 silly registry.get     'content-encoding': 'gzip' } ]
28 silly addNameRange number 2 { name: 'cordova-res', range: '*', hasData: true }
29 silly addNameRange versions [ 'cordova-res',
29 silly addNameRange   [ '0.0.1',
29 silly addNameRange     '0.0.2',
29 silly addNameRange     '0.0.3',
29 silly addNameRange     '0.1.0',
29 silly addNameRange     '0.2.0',
29 silly addNameRange     '0.3.0',
29 silly addNameRange     '0.4.0',
29 silly addNameRange     '0.5.0',
29 silly addNameRange     '0.5.1',
29 silly addNameRange     '0.5.2',
29 silly addNameRange     '0.6.0',
29 silly addNameRange     '0.7.0-testing.0',
29 silly addNameRange     '0.7.0',
29 silly addNameRange     '0.8.0',
29 silly addNameRange     '0.8.1',
29 silly addNameRange     '0.9.0',
29 silly addNameRange     '0.10.0',
29 silly addNameRange     '0.11.0',
29 silly addNameRange     '0.12.0',
29 silly addNameRange     '0.12.1',
29 silly addNameRange     '0.12.2',
29 silly addNameRange     '0.13.0',
29 silly addNameRange     '0.13.1',
29 silly addNameRange     '0.14.0',
29 silly addNameRange     '0.14.1',
29 silly addNameRange     '0.15.0',
29 silly addNameRange     '0.15.1',
29 silly addNameRange     '0.15.2',
29 silly addNameRange     '0.15.3' ] ]
30 verbose addNamed [ 'cordova-res', '0.15.3' ]
31 verbose addNamed [ '0.15.3', '0.15.3' ]
32 silly lockFile 45a20513-cordova-res-0-15-3 cordova-res@0.15.3
33 verbose lock cordova-res@0.15.3 C:\Users\yichun\AppData\Roaming\npm-cache\45a20513-cordova-res-0-15-3.lock
34 silly lockFile 18247aca-rdova-res-cordova-res-0-15-3-tgz https://registry.npmjs.org/cordova-res/-/cordova-res-0.15.3.tgz
35 verbose lock https://registry.npmjs.org/cordova-res/-/cordova-res-0.15.3.tgz C:\Users\yichun\AppData\Roaming\npm-cache\18247aca-rdova-res-cordova-res-0-15-3-tgz.lock
36 verbose addRemoteTarball [ 'https://registry.npmjs.org/cordova-res/-/cordova-res-0.15.3.tgz',
36 verbose addRemoteTarball   'b7c80ca5321179c3f51fb433b45c0a126076cb1f' ]
37 info retry fetch attempt 1 at 10:34:17
38 verbose fetch to= C:\Users\yichun\AppData\Local\Temp\npm-9352-yR6IE5qs\registry.npmjs.org\cordova-res\-\cordova-res-0.15.3.tgz
39 http GET https://registry.npmjs.org/cordova-res/-/cordova-res-0.15.3.tgz
40 http 200 https://registry.npmjs.org/cordova-res/-/cordova-res-0.15.3.tgz
41 silly lockFile 18247aca-rdova-res-cordova-res-0-15-3-tgz https://registry.npmjs.org/cordova-res/-/cordova-res-0.15.3.tgz
42 silly lockFile 18247aca-rdova-res-cordova-res-0-15-3-tgz https://registry.npmjs.org/cordova-res/-/cordova-res-0.15.3.tgz
43 silly lockFile 45a20513-cordova-res-0-15-3 cordova-res@0.15.3
44 silly lockFile 45a20513-cordova-res-0-15-3 cordova-res@0.15.3
45 silly lockFile 5f4e3b8c-cordova-res cordova-res@
46 silly lockFile 5f4e3b8c-cordova-res cordova-res@
47 silly resolved [ { name: 'cordova-res',
47 silly resolved     version: '0.15.3',
47 silly resolved     description: 'This tool will crop and resize PNG source images into appropriate sizes for modern iOS and Android devices.',
47 silly resolved     homepage: 'https://ionicframework.com',
47 silly resolved     author: { name: 'Ionic Team', email: 'hi@ionicframework.com' },
47 silly resolved     license: 'MIT',
47 silly resolved     main: 'dist/index.js',
47 silly resolved     types: 'dist/index.d.ts',
47 silly resolved     engines: { node: '>=10.3.0' },
47 silly resolved     bin: { 'cordova-res': 'bin/cordova-res' },
47 silly resolved     scripts:
47 silly resolved      { build: 'tsc',
47 silly resolved        watch: 'tsc -w',
47 silly resolved        test: 'jest --maxWorkers=4',
47 silly resolved        lint: 'npm run eslint && npm run prettier -- --check',
47 silly resolved        fmt: 'npm run eslint -- --fix && npm run prettier -- --write',
47 silly resolved        eslint: 'eslint . --ext ts',
47 silly resolved        prettier: 'prettier \'src/**/*.ts\'',
47 silly resolved        release: 'np',
47 silly resolved        prepublishOnly: 'npm run build' },
47 silly resolved     husky: { hooks: [Object] },
47 silly resolved     prettier: '@ionic/prettier-config',
47 silly resolved     eslintConfig: { extends: '@ionic/eslint-config/recommended' },
47 silly resolved     repository:
47 silly resolved      { type: 'git',
47 silly resolved        url: 'git+https://github.com/ionic-team/cordova-res.git' },
47 silly resolved     bugs: { url: 'https://github.com/ionic-team/cordova-res/issues' },
47 silly resolved     keywords:
47 silly resolved      [ 'ionic',
47 silly resolved        'cordova',
47 silly resolved        'phonegap',
47 silly resolved        'resources',
47 silly resolved        'mobile',
47 silly resolved        'native',
47 silly resolved        'icon',
47 silly resolved        'splash screen' ],
47 silly resolved     dependencies:
47 silly resolved      { '@ionic/utils-array': '^2.1.5',
47 silly resolved        '@ionic/utils-fs': '^3.1.5',
47 silly resolved        debug: '^4.2.0',
47 silly resolved        elementtree: '^0.1.7',
47 silly resolved        sharp: '^0.27.1',
47 silly resolved        tslib: '^2.0.3' },
47 silly resolved     devDependencies:
47 silly resolved      { '@ionic/eslint-config': '^0.3.0',
47 silly resolved        '@ionic/prettier-config': '^1.0.1',
47 silly resolved        '@types/debug': '^4.1.5',
47 silly resolved        '@types/elementtree': '^0.1.0',
47 silly resolved        '@types/fs-extra': '^8.0.0',
47 silly resolved        '@types/jest': '^26.0.14',
47 silly resolved        '@types/node': '~10.17.13',
47 silly resolved        '@types/sharp': '^0.27.1',
47 silly resolved        eslint: '^7.11.0',
47 silly resolved        husky: '^4.3.0',
47 silly resolved        jest: '~25.5.0',
47 silly resolved        np: '^7.0.0',
47 silly resolved        prettier: '^2.1.2',
47 silly resolved        'ts-jest': '~25.5.0',
47 silly resolved        typescript: '~3.9.7' },
47 silly resolved     gitHead: 'b9baecefe59ead42d0e4daf012f49992b6b6a9c4',
47 silly resolved     _id: 'cordova-res@0.15.3',
47 silly resolved     _nodeVersion: '15.3.0',
47 silly resolved     _npmVersion: '6.14.11',
47 silly resolved     dist:
47 silly resolved      { integrity: 'sha512-bFjlrpJO0C7VRJZhIss71UtZU6zksFYYPZDvjr8hDY8FrjTPcSRm0P3oksr87QPg47HBrBTrmpe03G4j7qcOHg==',
47 silly resolved        shasum: 'b7c80ca5321179c3f51fb433b45c0a126076cb1f',
47 silly resolved        tarball: 'https://registry.npmjs.org/cordova-res/-/cordova-res-0.15.3.tgz',
47 silly resolved        fileCount: 32,
47 silly resolved        unpackedSize: 155724,
47 silly resolved        'npm-signature': '-----BEGIN PGP SIGNATURE-----\r\nVersion: OpenPGP.js v3.0.13\r\nComment: https://openpgpjs.org\r\n\r\nwsFcBAEBCAAQBQJgFKiWCRA9TVsSAnZWagAAWhAP/i8icnLAao8ss0Z9VfE1\nn0Mghb8jGieXF6Z04ijarg7QOR34+k/XXbLJxfJsqTZEeRcST0eDSM0THes0\nKqtn1pjHdURZV8COT+5OLss412TDnWWGb7XT/7JXBFWju5zEi5scJGCRxTKF\nSPL7pAL2wDWVRWg97qnWvOLraSm0KdcmW070VtygH8AsmMlzYnaRohDMbKNm\nVtDePSNDdAY7EilRTGfk0/ZTi1RI8SSg1lDoCXgrxAYaU1ZHRlmXO9oqWODR\n4TyhwqRpBfYnPq5SFe92WGQAuLHs29LZOQWPn0dUG6fPImB4g/P5Bvq53i1P\nEDWXkWQEtUGN76disCTG+1/4O0i+dw1Gk9f772PH7jUyVI0/sjlfqIv1ouYr\nq7LdA3+fGpAK+hvlnEi5hpWz/x99Hi/4lfc40bU2zulFM9yG/hziM3oxVzJO\nFZmSxrw2pz2t7erLbrLDH0H86ZjUpx9MdQU6/bd024wrVdUFhwuH0ZUj63KE\nHq8W/xlWRe0NpQLNF8mpLZ85pUtmg7+Pys+uYhLlYT9feGemn18QOU0cTRVL\ny5LTWLtT0IJaav83fxUmnDb+4VpPyX2oqnsjgC/CUZvtM6gNRJMUSh8TsBws\nDKiWLdgBeDyabCamybeacexjcNBWMTv0bxM70sTYPxc0c2KCWzLNvixJdNtz\n/bIq\r\n=ItBR\r\n-----END PGP SIGNATURE-----\r\n' },
47 silly resolved     _npmUser: { name: 'dwieeb', email: 'dwieeb@gmail.com' },
47 silly resolved     directories: {},
47 silly resolved     maintainers: [ [Object], [Object], [Object] ],
47 silly resolved     _npmOperationalInternal:
47 silly resolved      { host: 's3://npm-registry-packages',
47 silly resolved        tmp: 'tmp/cordova-res_0.15.3_1611966613461_0.4845226430504004' },
47 silly resolved     _hasShrinkwrap: false,
47 silly resolved     _shasum: 'b7c80ca5321179c3f51fb433b45c0a126076cb1f',
47 silly resolved     _from: 'cordova-res@',
47 silly resolved     _resolved: 'https://registry.npmjs.org/cordova-res/-/cordova-res-0.15.3.tgz' } ]
48 info install cordova-res@0.15.3 into C:\Users\yichun\AppData\Roaming\npm
49 info installOne cordova-res@0.15.3
50 warn engine cordova-res@0.15.3: wanted: {"node":">=10.3.0"} (current: {"node":"0.10.31","npm":"1.4.23"})
51 verbose node_modules\cordova-res unbuild
52 verbose tar unpack C:\Users\yichun\AppData\Roaming\npm-cache\cordova-res\0.15.3\package.tgz
53 silly lockFile fb071aa4-ing-npm-node-modules-cordova-res tar://C:\Users\yichun\AppData\Roaming\npm\node_modules\cordova-res
54 verbose lock tar://C:\Users\yichun\AppData\Roaming\npm\node_modules\cordova-res C:\Users\yichun\AppData\Roaming\npm-cache\fb071aa4-ing-npm-node-modules-cordova-res.lock
55 silly lockFile 4c3f5483-e-cordova-res-0-15-3-package-tgz tar://C:\Users\yichun\AppData\Roaming\npm-cache\cordova-res\0.15.3\package.tgz
56 verbose lock tar://C:\Users\yichun\AppData\Roaming\npm-cache\cordova-res\0.15.3\package.tgz C:\Users\yichun\AppData\Roaming\npm-cache\4c3f5483-e-cordova-res-0-15-3-package-tgz.lock
57 silly gunzTarPerm modes [ '777', '666' ]
58 silly gunzTarPerm extractEntry bin/cordova-res
59 silly gunzTarPerm modified mode [ 'bin/cordova-res', 509, 511 ]
60 silly gunzTarPerm extractEntry LICENSE
61 silly gunzTarPerm modified mode [ 'LICENSE', 436, 438 ]
62 silly gunzTarPerm extractEntry dist/utils/array.js
63 silly gunzTarPerm modified mode [ 'dist/utils/array.js', 436, 438 ]
64 silly gunzTarPerm extractEntry dist/cli.js
65 silly gunzTarPerm modified mode [ 'dist/cli.js', 436, 438 ]
66 silly gunzTarPerm extractEntry dist/utils/cli.js
67 silly gunzTarPerm modified mode [ 'dist/utils/cli.js', 436, 438 ]
68 silly gunzTarPerm extractEntry dist/capacitor/config.js
69 silly gunzTarPerm modified mode [ 'dist/capacitor/config.js', 436, 438 ]
70 silly gunzTarPerm extractEntry dist/cordova/config.js
71 silly gunzTarPerm modified mode [ 'dist/cordova/config.js', 436, 438 ]
72 silly gunzTarPerm extractEntry dist/error.js
73 silly gunzTarPerm modified mode [ 'dist/error.js', 436, 438 ]
74 silly gunzTarPerm extractEntry dist/utils/fn.js
75 silly gunzTarPerm modified mode [ 'dist/utils/fn.js', 436, 438 ]
76 silly gunzTarPerm extractEntry dist/help.js
77 silly gunzTarPerm modified mode [ 'dist/help.js', 436, 438 ]
78 silly gunzTarPerm extractEntry dist/image.js
79 silly gunzTarPerm modified mode [ 'dist/image.js', 436, 438 ]
80 silly gunzTarPerm extractEntry dist/index.js
81 silly gunzTarPerm modified mode [ 'dist/index.js', 436, 438 ]
82 silly gunzTarPerm extractEntry dist/native.js
83 silly gunzTarPerm modified mode [ 'dist/native.js', 436, 438 ]
84 silly gunzTarPerm extractEntry dist/platform.js
85 silly gunzTarPerm modified mode [ 'dist/platform.js', 436, 438 ]
86 silly gunzTarPerm extractEntry dist/project.js
87 silly gunzTarPerm modified mode [ 'dist/project.js', 436, 438 ]
88 silly gunzTarPerm extractEntry dist/resources.js
89 silly gunzTarPerm modified mode [ 'dist/resources.js', 436, 438 ]
90 silly gunzTarPerm extractEntry package.json
91 silly gunzTarPerm modified mode [ 'package.json', 436, 438 ]
92 silly gunzTarPerm extractEntry README.md
93 silly gunzTarPerm modified mode [ 'README.md', 436, 438 ]
94 silly gunzTarPerm extractEntry dist/utils/array.d.ts
95 silly gunzTarPerm modified mode [ 'dist/utils/array.d.ts', 436, 438 ]
96 silly gunzTarPerm extractEntry dist/cli.d.ts
97 silly gunzTarPerm modified mode [ 'dist/cli.d.ts', 436, 438 ]
98 silly gunzTarPerm extractEntry dist/utils/cli.d.ts
99 silly gunzTarPerm modified mode [ 'dist/utils/cli.d.ts', 436, 438 ]
100 silly gunzTarPerm extractEntry dist/capacitor/config.d.ts
101 silly gunzTarPerm modified mode [ 'dist/capacitor/config.d.ts', 436, 438 ]
102 silly gunzTarPerm extractEntry dist/cordova/config.d.ts
103 silly gunzTarPerm modified mode [ 'dist/cordova/config.d.ts', 436, 438 ]
104 silly gunzTarPerm extractEntry dist/error.d.ts
105 silly gunzTarPerm modified mode [ 'dist/error.d.ts', 436, 438 ]
106 silly gunzTarPerm extractEntry dist/utils/fn.d.ts
107 silly gunzTarPerm modified mode [ 'dist/utils/fn.d.ts', 436, 438 ]
108 silly gunzTarPerm extractEntry dist/help.d.ts
109 silly gunzTarPerm modified mode [ 'dist/help.d.ts', 436, 438 ]
110 silly gunzTarPerm extractEntry dist/image.d.ts
111 silly gunzTarPerm modified mode [ 'dist/image.d.ts', 436, 438 ]
112 silly gunzTarPerm extractEntry dist/index.d.ts
113 silly gunzTarPerm modified mode [ 'dist/index.d.ts', 436, 438 ]
114 silly gunzTarPerm extractEntry dist/native.d.ts
115 silly gunzTarPerm modified mode [ 'dist/native.d.ts', 436, 438 ]
116 silly gunzTarPerm extractEntry dist/platform.d.ts
117 silly gunzTarPerm modified mode [ 'dist/platform.d.ts', 436, 438 ]
118 silly gunzTarPerm extractEntry dist/project.d.ts
119 silly gunzTarPerm modified mode [ 'dist/project.d.ts', 436, 438 ]
120 silly gunzTarPerm extractEntry dist/resources.d.ts
121 silly gunzTarPerm modified mode [ 'dist/resources.d.ts', 436, 438 ]
122 silly lockFile fb071aa4-ing-npm-node-modules-cordova-res tar://C:\Users\yichun\AppData\Roaming\npm\node_modules\cordova-res
123 silly lockFile fb071aa4-ing-npm-node-modules-cordova-res tar://C:\Users\yichun\AppData\Roaming\npm\node_modules\cordova-res
124 silly lockFile 4c3f5483-e-cordova-res-0-15-3-package-tgz tar://C:\Users\yichun\AppData\Roaming\npm-cache\cordova-res\0.15.3\package.tgz
125 silly lockFile 4c3f5483-e-cordova-res-0-15-3-package-tgz tar://C:\Users\yichun\AppData\Roaming\npm-cache\cordova-res\0.15.3\package.tgz
126 info preinstall cordova-res@0.15.3
127 verbose readDependencies using package.json deps
128 verbose readDependencies using package.json deps
129 verbose cache add [ '@ionic/utils-array@^2.1.5', null ]
130 verbose cache add name=undefined spec="@ionic/utils-array@^2.1.5" args=["@ionic/utils-array@^2.1.5",null]
131 verbose parsed url { protocol: null,
131 verbose parsed url   slashes: null,
131 verbose parsed url   auth: null,
131 verbose parsed url   host: null,
131 verbose parsed url   port: null,
131 verbose parsed url   hostname: null,
131 verbose parsed url   hash: null,
131 verbose parsed url   search: null,
131 verbose parsed url   query: null,
131 verbose parsed url   pathname: '@ionic/utils-array@^2.1.5',
131 verbose parsed url   path: '@ionic/utils-array@^2.1.5',
131 verbose parsed url   href: '@ionic/utils-array@^2.1.5' }
132 verbose cache add [ '@ionic/utils-fs@^3.1.5', null ]
133 verbose cache add name=undefined spec="@ionic/utils-fs@^3.1.5" args=["@ionic/utils-fs@^3.1.5",null]
134 verbose parsed url { protocol: null,
134 verbose parsed url   slashes: null,
134 verbose parsed url   auth: null,
134 verbose parsed url   host: null,
134 verbose parsed url   port: null,
134 verbose parsed url   hostname: null,
134 verbose parsed url   hash: null,
134 verbose parsed url   search: null,
134 verbose parsed url   query: null,
134 verbose parsed url   pathname: '@ionic/utils-fs@^3.1.5',
134 verbose parsed url   path: '@ionic/utils-fs@^3.1.5',
134 verbose parsed url   href: '@ionic/utils-fs@^3.1.5' }
135 verbose cache add [ 'debug@^4.2.0', null ]
136 verbose cache add name=undefined spec="debug@^4.2.0" args=["debug@^4.2.0",null]
137 verbose parsed url { protocol: null,
137 verbose parsed url   slashes: null,
137 verbose parsed url   auth: null,
137 verbose parsed url   host: null,
137 verbose parsed url   port: null,
137 verbose parsed url   hostname: null,
137 verbose parsed url   hash: null,
137 verbose parsed url   search: null,
137 verbose parsed url   query: null,
137 verbose parsed url   pathname: 'debug@^4.2.0',
137 verbose parsed url   path: 'debug@^4.2.0',
137 verbose parsed url   href: 'debug@^4.2.0' }
138 verbose cache add [ 'elementtree@^0.1.7', null ]
139 verbose cache add name=undefined spec="elementtree@^0.1.7" args=["elementtree@^0.1.7",null]
140 verbose parsed url { protocol: null,
140 verbose parsed url   slashes: null,
140 verbose parsed url   auth: null,
140 verbose parsed url   host: null,
140 verbose parsed url   port: null,
140 verbose parsed url   hostname: null,
140 verbose parsed url   hash: null,
140 verbose parsed url   search: null,
140 verbose parsed url   query: null,
140 verbose parsed url   pathname: 'elementtree@^0.1.7',
140 verbose parsed url   path: 'elementtree@^0.1.7',
140 verbose parsed url   href: 'elementtree@^0.1.7' }
141 verbose cache add [ 'sharp@^0.27.1', null ]
142 verbose cache add name=undefined spec="sharp@^0.27.1" args=["sharp@^0.27.1",null]
143 verbose parsed url { protocol: null,
143 verbose parsed url   slashes: null,
143 verbose parsed url   auth: null,
143 verbose parsed url   host: null,
143 verbose parsed url   port: null,
143 verbose parsed url   hostname: null,
143 verbose parsed url   hash: null,
143 verbose parsed url   search: null,
143 verbose parsed url   query: null,
143 verbose parsed url   pathname: 'sharp@^0.27.1',
143 verbose parsed url   path: 'sharp@^0.27.1',
143 verbose parsed url   href: 'sharp@^0.27.1' }
144 verbose cache add [ 'tslib@^2.0.3', null ]
145 verbose cache add name=undefined spec="tslib@^2.0.3" args=["tslib@^2.0.3",null]
146 verbose parsed url { protocol: null,
146 verbose parsed url   slashes: null,
146 verbose parsed url   auth: null,
146 verbose parsed url   host: null,
146 verbose parsed url   port: null,
146 verbose parsed url   hostname: null,
146 verbose parsed url   hash: null,
146 verbose parsed url   search: null,
146 verbose parsed url   query: null,
146 verbose parsed url   pathname: 'tslib@^2.0.3',
146 verbose parsed url   path: 'tslib@^2.0.3',
146 verbose parsed url   href: 'tslib@^2.0.3' }
147 verbose cache add name="" spec="ionic/utils-array@^2.1.5" args=["","ionic/utils-array@^2.1.5"]
148 verbose parsed url { protocol: null,
148 verbose parsed url   slashes: null,
148 verbose parsed url   auth: null,
148 verbose parsed url   host: null,
148 verbose parsed url   port: null,
148 verbose parsed url   hostname: null,
148 verbose parsed url   hash: null,
148 verbose parsed url   search: null,
148 verbose parsed url   query: null,
148 verbose parsed url   pathname: 'ionic/utils-array@^2.1.5',
148 verbose parsed url   path: 'ionic/utils-array@^2.1.5',
148 verbose parsed url   href: 'ionic/utils-array@^2.1.5' }
149 verbose cache add name="" spec="ionic/utils-fs@^3.1.5" args=["","ionic/utils-fs@^3.1.5"]
150 verbose parsed url { protocol: null,
150 verbose parsed url   slashes: null,
150 verbose parsed url   auth: null,
150 verbose parsed url   host: null,
150 verbose parsed url   port: null,
150 verbose parsed url   hostname: null,
150 verbose parsed url   hash: null,
150 verbose parsed url   search: null,
150 verbose parsed url   query: null,
150 verbose parsed url   pathname: 'ionic/utils-fs@^3.1.5',
150 verbose parsed url   path: 'ionic/utils-fs@^3.1.5',
150 verbose parsed url   href: 'ionic/utils-fs@^3.1.5' }
151 verbose cache add name="debug" spec="^4.2.0" args=["debug","^4.2.0"]
152 verbose parsed url { protocol: null,
152 verbose parsed url   slashes: null,
152 verbose parsed url   auth: null,
152 verbose parsed url   host: null,
152 verbose parsed url   port: null,
152 verbose parsed url   hostname: null,
152 verbose parsed url   hash: null,
152 verbose parsed url   search: null,
152 verbose parsed url   query: null,
152 verbose parsed url   pathname: '^4.2.0',
152 verbose parsed url   path: '^4.2.0',
152 verbose parsed url   href: '^4.2.0' }
153 verbose addNamed [ 'debug', '^4.2.0' ]
154 verbose addNamed [ null, '>=4.2.0-0 <5.0.0-0' ]
155 silly lockFile f690cbad-debug-4-2-0 debug@^4.2.0
156 verbose lock debug@^4.2.0 C:\Users\yichun\AppData\Roaming\npm-cache\f690cbad-debug-4-2-0.lock
157 verbose cache add name="elementtree" spec="^0.1.7" args=["elementtree","^0.1.7"]
158 verbose parsed url { protocol: null,
158 verbose parsed url   slashes: null,
158 verbose parsed url   auth: null,
158 verbose parsed url   host: null,
158 verbose parsed url   port: null,
158 verbose parsed url   hostname: null,
158 verbose parsed url   hash: null,
158 verbose parsed url   search: null,
158 verbose parsed url   query: null,
158 verbose parsed url   pathname: '^0.1.7',
158 verbose parsed url   path: '^0.1.7',
158 verbose parsed url   href: '^0.1.7' }
159 verbose addNamed [ 'elementtree', '^0.1.7' ]
160 verbose addNamed [ null, '>=0.1.7-0 <0.2.0-0' ]
161 silly lockFile 9b6968b9-elementtree-0-1-7 elementtree@^0.1.7
162 verbose lock elementtree@^0.1.7 C:\Users\yichun\AppData\Roaming\npm-cache\9b6968b9-elementtree-0-1-7.lock
163 verbose cache add name="sharp" spec="^0.27.1" args=["sharp","^0.27.1"]
164 verbose parsed url { protocol: null,
164 verbose parsed url   slashes: null,
164 verbose parsed url   auth: null,
164 verbose parsed url   host: null,
164 verbose parsed url   port: null,
164 verbose parsed url   hostname: null,
164 verbose parsed url   hash: null,
164 verbose parsed url   search: null,
164 verbose parsed url   query: null,
164 verbose parsed url   pathname: '^0.27.1',
164 verbose parsed url   path: '^0.27.1',
164 verbose parsed url   href: '^0.27.1' }
165 verbose addNamed [ 'sharp', '^0.27.1' ]
166 verbose addNamed [ null, '>=0.27.1-0 <0.28.0-0' ]
167 silly lockFile 854290f6-sharp-0-27-1 sharp@^0.27.1
168 verbose lock sharp@^0.27.1 C:\Users\yichun\AppData\Roaming\npm-cache\854290f6-sharp-0-27-1.lock
169 verbose cache add name="tslib" spec="^2.0.3" args=["tslib","^2.0.3"]
170 verbose parsed url { protocol: null,
170 verbose parsed url   slashes: null,
170 verbose parsed url   auth: null,
170 verbose parsed url   host: null,
170 verbose parsed url   port: null,
170 verbose parsed url   hostname: null,
170 verbose parsed url   hash: null,
170 verbose parsed url   search: null,
170 verbose parsed url   query: null,
170 verbose parsed url   pathname: '^2.0.3',
170 verbose parsed url   path: '^2.0.3',
170 verbose parsed url   href: '^2.0.3' }
171 verbose addNamed [ 'tslib', '^2.0.3' ]
172 verbose addNamed [ null, '>=2.0.3-0 <3.0.0-0' ]
173 silly lockFile 367af2fe-tslib-2-0-3 tslib@^2.0.3
174 verbose lock tslib@^2.0.3 C:\Users\yichun\AppData\Roaming\npm-cache\367af2fe-tslib-2-0-3.lock
175 verbose cache add name="ionic/utils-array" spec="^2.1.5" args=["ionic/utils-array","^2.1.5"]
176 verbose parsed url { protocol: null,
176 verbose parsed url   slashes: null,
176 verbose parsed url   auth: null,
176 verbose parsed url   host: null,
176 verbose parsed url   port: null,
176 verbose parsed url   hostname: null,
176 verbose parsed url   hash: null,
176 verbose parsed url   search: null,
176 verbose parsed url   query: null,
176 verbose parsed url   pathname: '^2.1.5',
176 verbose parsed url   path: '^2.1.5',
176 verbose parsed url   href: '^2.1.5' }
177 verbose addNamed [ 'ionic/utils-array', '^2.1.5' ]
178 verbose addNamed [ null, '>=2.1.5-0 <3.0.0-0' ]
179 silly lockFile 70b42588-ionic-utils-array-2-1-5 ionic/utils-array@^2.1.5
180 verbose lock ionic/utils-array@^2.1.5 C:\Users\yichun\AppData\Roaming\npm-cache\70b42588-ionic-utils-array-2-1-5.lock
181 verbose cache add name="ionic/utils-fs" spec="^3.1.5" args=["ionic/utils-fs","^3.1.5"]
182 verbose parsed url { protocol: null,
182 verbose parsed url   slashes: null,
182 verbose parsed url   auth: null,
182 verbose parsed url   host: null,
182 verbose parsed url   port: null,
182 verbose parsed url   hostname: null,
182 verbose parsed url   hash: null,
182 verbose parsed url   search: null,
182 verbose parsed url   query: null,
182 verbose parsed url   pathname: '^3.1.5',
182 verbose parsed url   path: '^3.1.5',
182 verbose parsed url   href: '^3.1.5' }
183 verbose addNamed [ 'ionic/utils-fs', '^3.1.5' ]
184 verbose addNamed [ null, '>=3.1.5-0 <4.0.0-0' ]
185 silly lockFile 93a12348-ionic-utils-fs-3-1-5 ionic/utils-fs@^3.1.5
186 verbose lock ionic/utils-fs@^3.1.5 C:\Users\yichun\AppData\Roaming\npm-cache\93a12348-ionic-utils-fs-3-1-5.lock
187 silly addNameRange { name: 'elementtree',
187 silly addNameRange   range: '>=0.1.7-0 <0.2.0-0',
187 silly addNameRange   hasData: false }
188 silly addNameRange { name: 'debug', range: '>=4.2.0-0 <5.0.0-0', hasData: false }
189 silly addNameRange { name: 'tslib', range: '>=2.0.3-0 <3.0.0-0', hasData: false }
190 silly addNameRange { name: 'sharp', range: '>=0.27.1-0 <0.28.0-0', hasData: false }
191 silly addNameRange { name: 'ionic/utils-array',
191 silly addNameRange   range: '>=2.1.5-0 <3.0.0-0',
191 silly addNameRange   hasData: false }
192 silly addNameRange { name: 'ionic/utils-fs',
192 silly addNameRange   range: '>=3.1.5-0 <4.0.0-0',
192 silly addNameRange   hasData: false }
193 verbose request where is /sharp
194 verbose request registry https://registry.npmjs.org/
195 verbose url raw /sharp
196 verbose url resolving [ 'https://registry.npmjs.org/', './sharp' ]
197 verbose url resolved https://registry.npmjs.org/sharp
198 verbose request where is https://registry.npmjs.org/sharp
199 info trying registry request attempt 1 at 10:34:17
200 http GET https://registry.npmjs.org/sharp
201 verbose request where is /elementtree
202 verbose request registry https://registry.npmjs.org/
203 verbose url raw /elementtree
204 verbose url resolving [ 'https://registry.npmjs.org/', './elementtree' ]
205 verbose url resolved https://registry.npmjs.org/elementtree
206 verbose request where is https://registry.npmjs.org/elementtree
207 info trying registry request attempt 1 at 10:34:17
208 verbose etag W/"29417f87866e926dbd1c1aee18f16814"
209 http GET https://registry.npmjs.org/elementtree
210 verbose request where is /debug
211 verbose request registry https://registry.npmjs.org/
212 verbose url raw /debug
213 verbose url resolving [ 'https://registry.npmjs.org/', './debug' ]
214 verbose url resolved https://registry.npmjs.org/debug
215 verbose request where is https://registry.npmjs.org/debug
216 info trying registry request attempt 1 at 10:34:17
217 verbose etag W/"3f0f845fc1a22845ab949f26b657519c"
218 http GET https://registry.npmjs.org/debug
219 verbose request where is /ionic/utils-array
220 verbose request registry https://registry.npmjs.org/
221 verbose url raw /ionic/utils-array
222 verbose url resolving [ 'https://registry.npmjs.org/', './ionic/utils-array' ]
223 verbose url resolved https://registry.npmjs.org/ionic/utils-array
224 verbose request where is https://registry.npmjs.org/ionic/utils-array
225 info trying registry request attempt 1 at 10:34:17
226 http GET https://registry.npmjs.org/ionic/utils-array
227 verbose request where is /ionic/utils-fs
228 verbose request registry https://registry.npmjs.org/
229 verbose url raw /ionic/utils-fs
230 verbose url resolving [ 'https://registry.npmjs.org/', './ionic/utils-fs' ]
231 verbose url resolved https://registry.npmjs.org/ionic/utils-fs
232 verbose request where is https://registry.npmjs.org/ionic/utils-fs
233 info trying registry request attempt 1 at 10:34:17
234 http GET https://registry.npmjs.org/ionic/utils-fs
235 verbose request where is /tslib
236 verbose request registry https://registry.npmjs.org/
237 verbose url raw /tslib
238 verbose url resolving [ 'https://registry.npmjs.org/', './tslib' ]
239 verbose url resolved https://registry.npmjs.org/tslib
240 verbose request where is https://registry.npmjs.org/tslib
241 info trying registry request attempt 1 at 10:34:17
242 verbose etag W/"6da0e9f778173e16b17f7fbb066558b5"
243 http GET https://registry.npmjs.org/tslib
244 http 304 https://registry.npmjs.org/debug
245 silly registry.get cb [ 304,
245 silly registry.get   { date: 'Mon, 14 Jun 2021 02:33:57 GMT',
245 silly registry.get     connection: 'keep-alive',
245 silly registry.get     'cf-ray': '65f028233cb956f4-TPE',
245 silly registry.get     age: '655',
245 silly registry.get     'cache-control': 'public, max-age=300',
245 silly registry.get     etag: '"3f0f845fc1a22845ab949f26b657519c"',
245 silly registry.get     'last-modified': 'Fri, 16 Apr 2021 13:52:46 GMT',
245 silly registry.get     vary: 'Accept-Encoding',
245 silly registry.get     'cf-cache-status': 'HIT',
245 silly registry.get     'cf-request-id': '0aa9f769ff000056f4deb39000000001',
245 silly registry.get     'expect-ct': 'max-age=604800, report-uri="https://report-uri.cloudflare.com/cdn-cgi/beacon/expect-ct"',
245 silly registry.get     server: 'cloudflare' } ]
246 verbose etag https://registry.npmjs.org/debug from cache
247 http 200 https://registry.npmjs.org/sharp
248 silly registry.get cb [ 200,
248 silly registry.get   { date: 'Mon, 14 Jun 2021 02:33:56 GMT',
248 silly registry.get     'content-type': 'application/json',
248 silly registry.get     'transfer-encoding': 'chunked',
248 silly registry.get     connection: 'keep-alive',
248 silly registry.get     'cf-ray': '65f028231b830734-TPE',
248 silly registry.get     age: '1897',
248 silly registry.get     'cache-control': 'public, max-age=300',
248 silly registry.get     etag: 'W/"9756fc433918376d2a60e545dd03de0b"',
248 silly registry.get     'last-modified': 'Mon, 24 May 2021 15:54:04 GMT',
248 silly registry.get     vary: 'accept-encoding, accept',
248 silly registry.get     'cf-cache-status': 'HIT',
248 silly registry.get     'cf-request-id': '0aa9f769ed00000734730fb000000001',
248 silly registry.get     'expect-ct': 'max-age=604800, report-uri="https://report-uri.cloudflare.com/cdn-cgi/beacon/expect-ct"',
248 silly registry.get     server: 'cloudflare',
248 silly registry.get     'content-encoding': 'gzip' } ]
249 http 304 https://registry.npmjs.org/elementtree
250 silly registry.get cb [ 304,
250 silly registry.get   { date: 'Mon, 14 Jun 2021 02:33:57 GMT',
250 silly registry.get     connection: 'keep-alive',
250 silly registry.get     'cf-ray': '65f028231bc90758-TPE',
250 silly registry.get     'cache-control': 'public, max-age=300',
250 silly registry.get     etag: '"29417f87866e926dbd1c1aee18f16814"',
250 silly registry.get     'last-modified': 'Sat, 26 May 2018 23:07:46 GMT',
250 silly registry.get     vary: 'Accept-Encoding',
250 silly registry.get     'cf-cache-status': 'HIT',
250 silly registry.get     'cf-request-id': '0aa9f769ed0000075826032000000001',
250 silly registry.get     'expect-ct': 'max-age=604800, report-uri="https://report-uri.cloudflare.com/cdn-cgi/beacon/expect-ct"',
250 silly registry.get     server: 'cloudflare' } ]
251 verbose etag https://registry.npmjs.org/elementtree from cache
252 silly addNameRange number 2 { name: 'debug', range: '>=4.2.0-0 <5.0.0-0', hasData: true }
253 silly addNameRange versions [ 'debug',
253 silly addNameRange   [ '0.0.1',
253 silly addNameRange     '0.1.0',
253 silly addNameRange     '0.2.0',
253 silly addNameRange     '0.3.0',
253 silly addNameRange     '0.4.0',
253 silly addNameRange     '0.4.1',
253 silly addNameRange     '0.5.0',
253 silly addNameRange     '0.6.0',
253 silly addNameRange     '0.7.0',
253 silly addNameRange     '0.7.1',
253 silly addNameRange     '0.7.2',
253 silly addNameRange     '0.7.3',
253 silly addNameRange     '0.7.4',
253 silly addNameRange     '0.8.0',
253 silly addNameRange     '0.8.1',
253 silly addNameRange     '1.0.0',
253 silly addNameRange     '1.0.1',
253 silly addNameRange     '1.0.2',
253 silly addNameRange     '1.0.3',
253 silly addNameRange     '1.0.4',
253 silly addNameRange     '2.0.0',
253 silly addNameRange     '2.1.0',
253 silly addNameRange     '2.1.1',
253 silly addNameRange     '2.1.2',
253 silly addNameRange     '2.1.3',
253 silly addNameRange     '2.2.0',
253 silly addNameRange     '2.3.0',
253 silly addNameRange     '2.3.1',
253 silly addNameRange     '2.3.2',
253 silly addNameRange     '2.3.3',
253 silly addNameRange     '2.4.0',
253 silly addNameRange     '2.4.1',
253 silly addNameRange     '2.4.2',
253 silly addNameRange     '2.4.3',
253 silly addNameRange     '2.4.4',
253 silly addNameRange     '2.4.5',
253 silly addNameRange     '2.5.0',
253 silly addNameRange     '2.5.1',
253 silly addNameRange     '2.5.2',
253 silly addNameRange     '2.6.0',
253 silly addNameRange     '2.6.1',
253 silly addNameRange     '2.6.2',
253 silly addNameRange     '2.6.3',
253 silly addNameRange     '2.6.4',
253 silly addNameRange     '2.6.5',
253 silly addNameRange     '2.6.6',
253 silly addNameRange     '2.6.7',
253 silly addNameRange     '2.6.8',
253 silly addNameRange     '1.0.5',
253 silly addNameRange     '3.0.0',
253 silly addNameRange     '3.0.1',
253 silly addNameRange     '2.6.9',
253 silly addNameRange     '3.1.0',
253 silly addNameRange     '3.2.0',
253 silly addNameRange     '3.2.1',
253 silly addNameRange     '3.2.2',
253 silly addNameRange     '3.2.3',
253 silly addNameRange     '4.0.0',
253 silly addNameRange     '3.2.4',
253 silly addNameRange     '3.2.5',
253 silly addNameRange     '4.0.1',
253 silly addNameRange     '4.1.0',
253 silly addNameRange     '3.2.6',
253 silly addNameRange     '4.1.1',
253 silly addNameRange     '4.2.0',
253 silly addNameRange     '4.3.0',
253 silly addNameRange     '4.3.1',
253 silly addNameRange     '3.2.7',
253 silly addNameRange     '4.3.2' ] ]
254 verbose addNamed [ 'debug', '4.3.1' ]
255 verbose addNamed [ '4.3.1', '4.3.1' ]
256 silly lockFile 8711781a-debug-4-3-1 debug@4.3.1
257 verbose lock debug@4.3.1 C:\Users\yichun\AppData\Roaming\npm-cache\8711781a-debug-4-3-1.lock
258 silly addNameRange number 2 { name: 'sharp', range: '>=0.27.1-0 <0.28.0-0', hasData: true }
259 silly addNameRange versions [ 'sharp',
259 silly addNameRange   [ '0.0.1',
259 silly addNameRange     '0.0.2',
259 silly addNameRange     '0.0.3',
259 silly addNameRange     '0.0.4',
259 silly addNameRange     '0.0.5',
259 silly addNameRange     '0.0.6',
259 silly addNameRange     '0.0.7',
259 silly addNameRange     '0.0.8',
259 silly addNameRange     '0.0.9',
259 silly addNameRange     '0.1.0',
259 silly addNameRange     '0.1.1',
259 silly addNameRange     '0.1.2',
259 silly addNameRange     '0.1.3',
259 silly addNameRange     '0.1.4',
259 silly addNameRange     '0.1.5',
259 silly addNameRange     '0.1.6',
259 silly addNameRange     '0.1.7',
259 silly addNameRange     '0.1.8',
259 silly addNameRange     '0.2.0',
259 silly addNameRange     '0.3.0',
259 silly addNameRange     '0.4.0',
259 silly addNameRange     '0.4.1',
259 silly addNameRange     '0.4.2',
259 silly addNameRange     '0.5.0',
259 silly addNameRange     '0.5.1',
259 silly addNameRange     '0.5.2',
259 silly addNameRange     '0.6.0',
259 silly addNameRange     '0.6.1',
259 silly addNameRange     '0.6.2',
259 silly addNameRange     '0.7.0',
259 silly addNameRange     '0.7.1',
259 silly addNameRange     '0.7.2',
259 silly addNameRange     '0.8.0',
259 silly addNameRange     '0.8.1',
259 silly addNameRange     '0.8.2',
259 silly addNameRange     '0.8.3',
259 silly addNameRange     '0.8.4',
259 silly addNameRange     '0.9.0',
259 silly addNameRange     '0.9.1',
259 silly addNameRange     '0.9.2',
259 silly addNameRange     '0.9.3',
259 silly addNameRange     '0.10.0',
259 silly addNameRange     '0.10.1',
259 silly addNameRange     '0.11.0',
259 silly addNameRange     '0.11.1',
259 silly addNameRange     '0.11.2',
259 silly addNameRange     '0.11.3',
259 silly addNameRange     '0.11.4',
259 silly addNameRange     '0.12.0',
259 silly addNameRange     '0.12.1',
259 silly addNameRange     '0.12.2',
259 silly addNameRange     '0.13.0',
259 silly addNameRange     '0.13.1',
259 silly addNameRange     '0.14.0',
259 silly addNameRange     '0.14.1',
259 silly addNameRange     '0.15.0',
259 silly addNameRange     '0.15.1',
259 silly addNameRange     '0.16.0',
259 silly addNameRange     '0.16.1',
259 silly addNameRange     '0.16.2',
259 silly addNameRange     '0.17.0',
259 silly addNameRange     '0.17.1',
259 silly addNameRange     '0.17.2',
259 silly addNameRange     '0.17.3',
259 silly addNameRange     '0.18.0',
259 silly addNameRange     '0.18.1',
259 silly addNameRange     '0.18.2',
259 silly addNameRange     '0.18.3',
259 silly addNameRange     '0.18.4',
259 silly addNameRange     '0.19.0',
259 silly addNameRange     '0.19.1',
259 silly addNameRange     '0.20.0',
259 silly addNameRange     '0.20.1',
259 silly addNameRange     '0.20.2',
259 silly addNameRange     '0.20.3',
259 silly addNameRange     '0.20.4',
259 silly addNameRange     '0.20.5',
259 silly addNameRange     '0.20.6',
259 silly addNameRange     '0.20.7',
259 silly addNameRange     '0.20.8',
259 silly addNameRange     '0.21.0',
259 silly addNameRange     '0.21.1',
259 silly addNameRange     '0.21.2',
259 silly addNameRange     '0.21.3',
259 silly addNameRange     '0.22.0',
259 silly addNameRange     '0.22.1',
259 silly addNameRange     '0.23.0',
259 silly addNameRange     '0.23.1',
259 silly addNameRange     '0.23.2',
259 silly addNameRange     '0.23.3',
259 silly addNameRange     '0.23.4',
259 silly addNameRange     '0.24.0',
259 silly addNameRange     '0.24.1',
259 silly addNameRange     '0.25.0',
259 silly addNameRange     '0.25.1',
259 silly addNameRange     '0.25.2',
259 silly addNameRange     '0.25.3',
259 silly addNameRange     '0.25.4',
259 silly addNameRange     '0.26.0',
259 silly addNameRange     '0.26.1',
259 silly addNameRange     '0.26.2',
259 silly addNameRange     '0.26.3',
259 silly addNameRange     '0.27.0',
259 silly addNameRange     '0.27.1',
259 silly addNameRange     '0.27.2',
259 silly addNameRange     '0.28.0',
259 silly addNameRange     '0.28.1',
259 silly addNameRange     '0.28.2',
259 silly addNameRange     '0.28.3' ] ]
260 verbose addNamed [ 'sharp', '0.27.2' ]
261 verbose addNamed [ '0.27.2', '0.27.2' ]
262 silly lockFile cd1604fe-sharp-0-27-2 sharp@0.27.2
263 verbose lock sharp@0.27.2 C:\Users\yichun\AppData\Roaming\npm-cache\cd1604fe-sharp-0-27-2.lock
264 silly addNameRange number 2 { name: 'elementtree',
264 silly addNameRange   range: '>=0.1.7-0 <0.2.0-0',
264 silly addNameRange   hasData: true }
265 silly addNameRange versions [ 'elementtree',
265 silly addNameRange   [ '0.1.0',
265 silly addNameRange     '0.1.1',
265 silly addNameRange     '0.1.2',
265 silly addNameRange     '0.1.3',
265 silly addNameRange     '0.1.4',
265 silly addNameRange     '0.1.5',
265 silly addNameRange     '0.1.6',
265 silly addNameRange     '0.1.7' ] ]
266 verbose addNamed [ 'elementtree', '0.1.7' ]
267 verbose addNamed [ '0.1.7', '0.1.7' ]
268 silly lockFile d89cba88-elementtree-0-1-7 elementtree@0.1.7
269 verbose lock elementtree@0.1.7 C:\Users\yichun\AppData\Roaming\npm-cache\d89cba88-elementtree-0-1-7.lock
270 silly lockFile 8eaf1ad0-npmjs-org-sharp-sharp-0-27-2-tgz https://registry.npmjs.org/sharp/-/sharp-0.27.2.tgz
271 verbose lock https://registry.npmjs.org/sharp/-/sharp-0.27.2.tgz C:\Users\yichun\AppData\Roaming\npm-cache\8eaf1ad0-npmjs-org-sharp-sharp-0-27-2-tgz.lock
272 http 200 https://registry.npmjs.org/tslib
273 silly registry.get cb [ 200,
273 silly registry.get   { date: 'Mon, 14 Jun 2021 02:33:57 GMT',
273 silly registry.get     'content-type': 'application/json',
273 silly registry.get     'transfer-encoding': 'chunked',
273 silly registry.get     connection: 'keep-alive',
273 silly registry.get     'cf-ray': '65f028236c060734-TPE',
273 silly registry.get     age: '1941',
273 silly registry.get     'cache-control': 'public, max-age=300',
273 silly registry.get     etag: 'W/"cc29b23d217fc902831b6235a38d5f8c"',
273 silly registry.get     'last-modified': 'Fri, 11 Jun 2021 22:33:19 GMT',
273 silly registry.get     vary: 'accept-encoding, accept',
273 silly registry.get     'cf-cache-status': 'HIT',
273 silly registry.get     'cf-request-id': '0aa9f76a250000073441923000000001',
273 silly registry.get     'expect-ct': 'max-age=604800, report-uri="https://report-uri.cloudflare.com/cdn-cgi/beacon/expect-ct"',
273 silly registry.get     server: 'cloudflare',
273 silly registry.get     'content-encoding': 'gzip' } ]
274 verbose addRemoteTarball [ 'https://registry.npmjs.org/sharp/-/sharp-0.27.2.tgz',
274 verbose addRemoteTarball   'a939775e630e88600c0b5e68f20593aea722252f' ]
275 silly lockFile 8711781a-debug-4-3-1 debug@4.3.1
276 silly lockFile 8711781a-debug-4-3-1 debug@4.3.1
277 silly lockFile f690cbad-debug-4-2-0 debug@^4.2.0
278 silly lockFile f690cbad-debug-4-2-0 debug@^4.2.0
279 info retry fetch attempt 1 at 10:34:17
280 verbose fetch to= C:\Users\yichun\AppData\Local\Temp\npm-9352-yR6IE5qs\registry.npmjs.org\sharp\-\sharp-0.27.2.tgz
281 silly addNameRange number 2 { name: 'tslib', range: '>=2.0.3-0 <3.0.0-0', hasData: true }
282 silly addNameRange versions [ 'tslib',
282 silly addNameRange   [ '0.0.1-security',
282 silly addNameRange     '1.0.0',
282 silly addNameRange     '1.1.0',
282 silly addNameRange     '1.2.0',
282 silly addNameRange     '1.3.0',
282 silly addNameRange     '1.4.0',
282 silly addNameRange     '1.5.0',
282 silly addNameRange     '1.6.0',
282 silly addNameRange     '1.6.1',
282 silly addNameRange     '1.7.0',
282 silly addNameRange     '1.7.1',
282 silly addNameRange     '1.8.0',
282 silly addNameRange     '1.8.1',
282 silly addNameRange     '1.9.0',
282 silly addNameRange     '1.9.1',
282 silly addNameRange     '1.9.2',
282 silly addNameRange     '1.9.3',
282 silly addNameRange     '1.10.0',
282 silly addNameRange     '1.11.0',
282 silly addNameRange     '1.11.1',
282 silly addNameRange     '1.11.2',
282 silly addNameRange     '1.12.0',
282 silly addNameRange     '1.13.0',
282 silly addNameRange     '2.0.0',
282 silly addNameRange     '2.0.1',
282 silly addNameRange     '1.14.0',
282 silly addNameRange     '2.0.2',
282 silly addNameRange     '1.14.1',
282 silly addNameRange     '2.0.3',
282 silly addNameRange     '2.1.0',
282 silly addNameRange     '2.2.0',
282 silly addNameRange     '2.3.0' ] ]
283 verbose addNamed [ 'tslib', '2.3.0' ]
284 verbose addNamed [ '2.3.0', '2.3.0' ]
285 silly lockFile a31f1c9b-tslib-2-3-0 tslib@2.3.0
286 verbose lock tslib@2.3.0 C:\Users\yichun\AppData\Roaming\npm-cache\a31f1c9b-tslib-2-3-0.lock
287 http GET https://registry.npmjs.org/sharp/-/sharp-0.27.2.tgz
288 silly lockFile d89cba88-elementtree-0-1-7 elementtree@0.1.7
289 silly lockFile d89cba88-elementtree-0-1-7 elementtree@0.1.7
290 silly lockFile 9b6968b9-elementtree-0-1-7 elementtree@^0.1.7
291 silly lockFile 9b6968b9-elementtree-0-1-7 elementtree@^0.1.7
292 silly lockFile 50eaa0cd--npmjs-org-tslib-tslib-2-3-0-tgz https://registry.npmjs.org/tslib/-/tslib-2.3.0.tgz
293 verbose lock https://registry.npmjs.org/tslib/-/tslib-2.3.0.tgz C:\Users\yichun\AppData\Roaming\npm-cache\50eaa0cd--npmjs-org-tslib-tslib-2-3-0-tgz.lock
294 verbose addRemoteTarball [ 'https://registry.npmjs.org/tslib/-/tslib-2.3.0.tgz',
294 verbose addRemoteTarball   '803b8cdab3e12ba581a4ca41c8839bbb0dacb09e' ]
295 info retry fetch attempt 1 at 10:34:17
296 verbose fetch to= C:\Users\yichun\AppData\Local\Temp\npm-9352-yR6IE5qs\registry.npmjs.org\tslib\-\tslib-2.3.0.tgz
297 http GET https://registry.npmjs.org/tslib/-/tslib-2.3.0.tgz
298 http 405 https://registry.npmjs.org/ionic/utils-array
299 silly registry.get cb [ 405,
299 silly registry.get   { date: 'Mon, 14 Jun 2021 02:33:57 GMT',
299 silly registry.get     'content-type': 'application/json',
299 silly registry.get     'content-length': '63',
299 silly registry.get     connection: 'keep-alive',
299 silly registry.get     'cf-ray': '65f028233cf0073c-TPE',
299 silly registry.get     allow: 'PUT',
299 silly registry.get     'cf-cache-status': 'DYNAMIC',
299 silly registry.get     'cf-request-id': '0aa9f76a050000073c72983000000001',
299 silly registry.get     'expect-ct': 'max-age=604800, report-uri="https://report-uri.cloudflare.com/cdn-cgi/beacon/expect-ct"',
299 silly registry.get     vary: 'Accept-Encoding',
299 silly registry.get     server: 'cloudflare' } ]
300 silly lockFile 70b42588-ionic-utils-array-2-1-5 ionic/utils-array@^2.1.5
301 silly lockFile 70b42588-ionic-utils-array-2-1-5 ionic/utils-array@^2.1.5
302 verbose about to build C:\Users\yichun\AppData\Roaming\npm\node_modules\cordova-res
303 verbose node_modules\cordova-res unbuild
304 info preuninstall cordova-res@0.15.3
305 info uninstall cordova-res@0.15.3
306 http 200 https://registry.npmjs.org/sharp/-/sharp-0.27.2.tgz
307 verbose true,C:\Users\yichun\AppData\Roaming\npm\node_modules,C:\Users\yichun\AppData\Roaming\npm\node_modules unbuild cordova-res@0.15.3
308 verbose C:\Users\yichun\AppData\Roaming\npm,[object Object] binRoot
309 info postuninstall cordova-res@0.15.3
310 http 200 https://registry.npmjs.org/tslib/-/tslib-2.3.0.tgz
311 silly lockFile 50eaa0cd--npmjs-org-tslib-tslib-2-3-0-tgz https://registry.npmjs.org/tslib/-/tslib-2.3.0.tgz
312 silly lockFile 50eaa0cd--npmjs-org-tslib-tslib-2-3-0-tgz https://registry.npmjs.org/tslib/-/tslib-2.3.0.tgz
313 silly lockFile a31f1c9b-tslib-2-3-0 tslib@2.3.0
314 silly lockFile a31f1c9b-tslib-2-3-0 tslib@2.3.0
315 silly lockFile 367af2fe-tslib-2-0-3 tslib@^2.0.3
316 silly lockFile 367af2fe-tslib-2-0-3 tslib@^2.0.3
317 http 405 https://registry.npmjs.org/ionic/utils-fs
318 silly registry.get cb [ 405,
318 silly registry.get   { date: 'Mon, 14 Jun 2021 02:33:57 GMT',
318 silly registry.get     'content-type': 'application/json',
318 silly registry.get     'content-length': '63',
318 silly registry.get     connection: 'keep-alive',
318 silly registry.get     'cf-ray': '65f028233fb056fb-TPE',
318 silly registry.get     allow: 'PUT',
318 silly registry.get     'cf-cache-status': 'DYNAMIC',
318 silly registry.get     'cf-request-id': '0aa9f76a05000056fb231d3000000001',
318 silly registry.get     'expect-ct': 'max-age=604800, report-uri="https://report-uri.cloudflare.com/cdn-cgi/beacon/expect-ct"',
318 silly registry.get     vary: 'Accept-Encoding',
318 silly registry.get     server: 'cloudflare' } ]
319 error Error: Method Not Allowed
319 error     at errorResponse (C:\Program Files\nodejs\node_modules\npm\lib\cache\add-named.js:260:10)
319 error     at C:\Program Files\nodejs\node_modules\npm\lib\cache\add-named.js:203:12
319 error     at saved (C:\Program Files\nodejs\node_modules\npm\node_modules\npm-registry-client\lib\get.js:167:7)
319 error     at Object.oncomplete (fs.js:107:15)
320 error If you need help, you may report this *entire* log,
320 error including the npm and node versions, at:
320 error     <http://github.com/npm/npm/issues>
321 error System Windows_NT 6.2.9200
322 error command "C:\\Program Files\\nodejs\\\\node.exe" "C:\\Program Files\\nodejs\\node_modules\\npm\\bin\\npm-cli.js" "install" "-g" "cordova-res"
323 error cwd C:\appflow
324 error node -v v0.10.31
325 error npm -v 1.4.23
326 error code E405
327 verbose exit [ 1, true ]
